<?xml version="1.0" encoding="UTF-8"?>
<!-- Generated by org.testng.reporters.JUnitReportReporter -->
<testsuite hostname="swapnil" failures="0" tests="1" name="com.learnAutomation.TestCase.GoogleTest" time="0.316" errors="0" timestamp="2024-08-24T15:23:05 IST" skipped="0">
  <testcase classname="com.learnAutomation.TestCase.GoogleTest" name="test" time="0.316"/>
  <system-out/>
</testsuite> <!-- com.learnAutomation.TestCase.GoogleTest -->
