<?xml version="1.0" encoding="UTF-8"?>
<!-- Generated by org.testng.reporters.JUnitReportReporter -->
<testsuite hostname="swapnil" failures="0" tests="1" name="com.learnAutomation.pages.Google" time="11.221" errors="0" timestamp="2024-08-23T16:27:38 IST" skipped="0">
  <testcase classname="com.learnAutomation.pages.Google" name="test" time="11.221"/>
  <system-out/>
</testsuite> <!-- com.learnAutomation.pages.Google -->
