<?xml version="1.0" encoding="UTF-8"?>
<!-- Generated by org.testng.reporters.JUnitReportReporter -->
<testsuite hostname="swapnil" failures="0" tests="1" name="com.learnAutomation.TestCase.LoginCRM" time="13.896" errors="0" timestamp="2024-08-23T20:44:45 IST" skipped="0">
  <testcase classname="com.learnAutomation.TestCase.LoginCRM" name="loginapp" time="13.896"/>
  <system-out/>
</testsuite> <!-- com.learnAutomation.TestCase.LoginCRM -->
